<?xml version="1.0" encoding="UTF-8"?>
<testsuite xmlns:xsi="http://www.w3.org/2001/XMLSchema-instance" xsi:noNamespaceSchemaLocation="https://maven.apache.org/surefire/maven-surefire-plugin/xsd/surefire-test-report-3.0.xsd" version="3.0" name="ntbd.tokenizer.TokenizerTest" time="0.057" tests="33" errors="0" skipped="0" failures="0">
  <properties>
[...]
</properties>
  <testcase name="testCannotTokenize" classname="ntbd.tokenizer.TokenizerTest" time="0.006"/>
  <testcase name="testRightSquareBracket" classname="ntbd.tokenizer.TokenizerTest" time="0.001"/>
  <testcase name="testLessThan" classname="ntbd.tokenizer.TokenizerTest" time="0"/>
  <testcase name="testDiv" classname="ntbd.tokenizer.TokenizerTest" time="0"/>
  <testcase name="testNot" classname="ntbd.tokenizer.TokenizerTest" time="0.003"/>
  <testcase name="testComma" classname="ntbd.tokenizer.TokenizerTest" time="0.001"/>
  <testcase name="testFalse" classname="ntbd.tokenizer.TokenizerTest" time="0"/>
  <testcase name="testMinus" classname="ntbd.tokenizer.TokenizerTest" time="0"/>
  <testcase name="testMult" classname="ntbd.tokenizer.TokenizerTest" time="0.001"/>
  <testcase name="testPlus" classname="ntbd.tokenizer.TokenizerTest" time="0"/>
  <testcase name="testTrue" classname="ntbd.tokenizer.TokenizerTest" time="0"/>
  <testcase name="testIs" classname="ntbd.tokenizer.TokenizerTest" time="0"/>
  <testcase name="testMultiCharVariable" classname="ntbd.tokenizer.TokenizerTest" time="0.001"/>
  <testcase name="testTokenizeRightParen" classname="ntbd.tokenizer.TokenizerTest" time="0.001"/>
  <testcase name="testIdAndNumber" classname="ntbd.tokenizer.TokenizerTest" time="0"/>
  <testcase name="testTokenizeEmptyInput" classname="ntbd.tokenizer.TokenizerTest" time="0"/>
  <testcase name="testSingleDigitNumber" classname="ntbd.tokenizer.TokenizerTest" time="0"/>
  <testcase name="testMultiDigitNumber" classname="ntbd.tokenizer.TokenizerTest" time="0"/>
  <testcase name="testVariableAndAtom" classname="ntbd.tokenizer.TokenizerTest" time="0"/>
  <testcase name="testSemiColon" classname="ntbd.tokenizer.TokenizerTest" time="0"/>
  <testcase name="testSingleCharAtom" classname="ntbd.tokenizer.TokenizerTest" time="0"/>
  <testcase name="testMoreThan" classname="ntbd.tokenizer.TokenizerTest" time="0"/>
  <testcase name="testColonEquals" classname="ntbd.tokenizer.TokenizerTest" time="0"/>
  <testcase name="testMultiCharAtom" classname="ntbd.tokenizer.TokenizerTest" time="0"/>
  <testcase name="testTokenizeOnlyWhitespace" classname="ntbd.tokenizer.TokenizerTest" time="0"/>
  <testcase name="testSingleCharVariable" classname="ntbd.tokenizer.TokenizerTest" time="0"/>
  <testcase name="testMathExpression" classname="ntbd.tokenizer.TokenizerTest" time="0.001"/>
  <testcase name="testVariableAssignmentExpression" classname="ntbd.tokenizer.TokenizerTest" time="0"/>
  <testcase name="testEquals" classname="ntbd.tokenizer.TokenizerTest" time="0"/>
  <testcase name="testTokenizeLeftParen" classname="ntbd.tokenizer.TokenizerTest" time="0"/>
  <testcase name="testPeriod" classname="ntbd.tokenizer.TokenizerTest" time="0"/>
  <testcase name="testLeftSquareBracket" classname="ntbd.tokenizer.TokenizerTest" time="0"/>
  <testcase name="testUnderscore" classname="ntbd.tokenizer.TokenizerTest" time="0"/>
</testsuite>